<?xml version="1.0" encoding="UTF-8"?>
<testsuite name="com.joeyorlando.math.MatrixCalculationTest" tests="2" skipped="0" failures="0" errors="0" timestamp="2017-10-29T21:06:03" hostname="JoeyMBP.jaela.orlandowest.io" time="0.001">
  <properties/>
  <testcase name="test3x3Determinant" classname="com.joeyorlando.math.MatrixCalculationTest" time="0.0"/>
  <testcase name="test2x2Determinant" classname="com.joeyorlando.math.MatrixCalculationTest" time="0.0"/>
  <system-out><![CDATA[]]></system-out>
  <system-err><![CDATA[]]></system-err>
</testsuite>
